Arguments: 
  D:\Program Files\nodejs\node.exe D:\Program Files (x86)\Yarn\bin\yarn.js add express socket.io bodyparser mongoose

PATH: 
  C:\Python27\;C:\Python27\Scripts;C:\Users\User\AppData\Local\Android\Sdk\platform-tools;C:\WINDOWS\system32;C:\WINDOWS;C:\WINDOWS\System32\Wbem;C:\WINDOWS\System32\WindowsPowerShell\v1.0\;d:\Program Files\Git\cmd;C:\WINDOWS\System32\OpenSSH\;C:\Program Files (x86)\NVIDIA Corporation\PhysX\Common;C:\Program Files\Microsoft VS Code\bin;C:\ProgramData\chocolatey\bin;D:\Program Files\nodejs\;C:\Program Files\Java\jdk1.8.0_181\bin;D:\Program Files (x86)\Yarn\bin\;C:\Users\User\AppData\Local\Microsoft\WindowsApps;d:\Program Files\Microsoft VS Code\bin;C:\Program Files\heroku\bin;C:\Users\User\AppData\Local\Programs\Microsoft VS Code\bin;C:\Users\User\AppData\Local\Android\Sdk\platform-tools;;C:\Users\User\AppData\Local\Android\sdk\platform-tools;C:\Users\User\AppData\Roaming\npm;C:\Users\User\AppData\Local\Yarn\bin

Yarn version: 
  1.9.4

Node version: 
  10.11.0

Platform: 
  win32 x64

Trace: 
  Error: https://registry.yarnpkg.com/bodyparser: Not found
      at Request.params.callback [as _callback] (D:\Program Files (x86)\Yarn\lib\cli.js:64202:18)
      at Request.self.callback (D:\Program Files (x86)\Yarn\lib\cli.js:137468:22)
      at Request.emit (events.js:182:13)
      at Request.<anonymous> (D:\Program Files (x86)\Yarn\lib\cli.js:138440:10)
      at Request.emit (events.js:182:13)
      at IncomingMessage.<anonymous> (D:\Program Files (x86)\Yarn\lib\cli.js:138362:12)
      at Object.onceWrapper (events.js:273:13)
      at IncomingMessage.emit (events.js:187:15)
      at endReadableNT (_stream_readable.js:1092:12)
      at process._tickCallback (internal/process/next_tick.js:63:19)

npm manifest: 
  {
    "name": "loginServer",
    "version": "1.0.0",
    "main": "index.js",
    "license": "MIT"
  }

yarn manifest: 
  No manifest

Lockfile: 
  No lockfile
